2026-06-01 09:27:11,037 [INFO] Activator:176 - 


2026-06-01 09:27:11,039 [INFO] Activator:177 - !SESSION log4j initialized
2026-06-01 09:27:12,104 [ERROR] LogOutputStream:75 - [STDERR_REDIRECT] 
2026-06-01 09:27:15,517 [INFO] LogOutputStream:77 - [STDOUT_REDIRECT] 
2026-06-01 09:27:17,142 [INFO] ApplicationProperties:184 - Using Application install path: /Applications/STM32CubeIDE.app/Contents/Eclipse/plugins/com.st.stm32cube.common.mx_6.12.1.202409122256
2026-06-01 09:27:17,168 [INFO] DbMcusXml:78 - Set database path to: /Applications/STM32CubeIDE.app/Contents/Eclipse/plugins/com.st.stm32cube.common.mx_6.12.1.202409122256//db//mcu/
2026-06-01 09:27:17,168 [INFO] ApiDb:274 - Set plugin database path to: /Applications/STM32CubeIDE.app/Contents/Eclipse/plugins/com.st.stm32cube.common.mx_6.12.1.202409122256//db//plugins/boardmanager/
2026-06-01 09:27:17,168 [WARN] ApiDb:259 - Overriding images path with different value:  => /Applications/STM32CubeIDE.app/Contents/Eclipse/plugins/com.st.stm32cube.common.mx_6.12.1.202409122256//db//plugins/mcufinder/images/
2026-06-01 09:27:17,174 [INFO] ApiDb:250 - Set database path to: /Users/baraa/.stmcufinder/plugins/mcufinder//mcu/
2026-06-01 09:27:17,176 [INFO] DbMcusAds:125 - Set database path to: /Users/baraa/.stmcufinder/plugins/mcufinder//mcu/
2026-06-01 09:27:17,178 [INFO] CrossReferenceDbSqlite:203 - Set database path to: /Users/baraa/.stmcufinder/plugins/mcufinder//mcu/cs/
2026-06-01 09:27:17,280 [INFO] RulesReader:64 - Compatibility file has been processed (297 Rules)
2026-06-01 09:27:17,334 [INFO] DbMcusXml:78 - Set database path to: /Applications/STM32CubeIDE.app/Contents/Eclipse/plugins/com.st.stm32cube.common.mx_6.12.1.202409122256//db//mcu/
2026-06-01 09:27:17,334 [INFO] ApiDb:274 - Set plugin database path to: /Applications/STM32CubeIDE.app/Contents/Eclipse/plugins/com.st.stm32cube.common.mx_6.12.1.202409122256//db//plugins/boardmanager/
2026-06-01 09:27:17,334 [INFO] ApiDb:261 - Set plugin images path to: /Applications/STM32CubeIDE.app/Contents/Eclipse/plugins/com.st.stm32cube.common.mx_6.12.1.202409122256//db//plugins/mcufinder/images/
2026-06-01 09:27:17,334 [WARN] DbFile:41 - Overriding database path with different value: /Users/baraa/.stmcufinder/plugins/mcufinder/ => /Users/baraa/.stmcufinder/plugins/mcufinder
2026-06-01 09:27:17,334 [INFO] ApiDb:250 - Set database path to: /Users/baraa/.stmcufinder/plugins/mcufinder//mcu/
2026-06-01 09:27:17,334 [WARN] DbFile:41 - Overriding database path with different value: /Users/baraa/.stmcufinder/plugins/mcufinder/ => /Users/baraa/.stmcufinder/plugins/mcufinder
2026-06-01 09:27:17,334 [INFO] DbMcusAds:125 - Set database path to: /Users/baraa/.stmcufinder/plugins/mcufinder//mcu/
2026-06-01 09:27:17,335 [WARN] DbFile:41 - Overriding database path with different value: /Users/baraa/.stmcufinder/plugins/mcufinder/ => /Users/baraa/.stmcufinder/plugins/mcufinder
2026-06-01 09:27:17,335 [WARN] DbFile:41 - Overriding database path with different value: /Users/baraa/.stmcufinder/plugins/mcufinder/ => /Users/baraa/.stmcufinder/plugins/mcufinder
2026-06-01 09:27:17,335 [INFO] CrossReferenceDbSqlite:203 - Set database path to: /Users/baraa/.stmcufinder/plugins/mcufinder//mcu/cs/
2026-06-01 09:27:17,406 [INFO] MainPanel:268 - HeapMemory: 268435456
2026-06-01 09:27:18,186 [INFO] DbMcusXml:78 - Set database path to: /Applications/STM32CubeIDE.app/Contents/Eclipse/plugins/com.st.stm32cube.common.mx_6.12.1.202409122256//db//mcu/
2026-06-01 09:27:18,187 [INFO] ApiDb:274 - Set plugin database path to: /Applications/STM32CubeIDE.app/Contents/Eclipse/plugins/com.st.stm32cube.common.mx_6.12.1.202409122256//db//plugins/boardmanager/
2026-06-01 09:27:18,187 [INFO] ApiDb:261 - Set plugin images path to: /Applications/STM32CubeIDE.app/Contents/Eclipse/plugins/com.st.stm32cube.common.mx_6.12.1.202409122256//db//plugins/mcufinder/images/
2026-06-01 09:27:18,187 [WARN] DbFile:41 - Overriding database path with different value: /Users/baraa/.stmcufinder/plugins/mcufinder/ => /Users/baraa/.stmcufinder/plugins/mcufinder
2026-06-01 09:27:18,187 [INFO] ApiDb:250 - Set database path to: /Users/baraa/.stmcufinder/plugins/mcufinder//mcu/
2026-06-01 09:27:18,187 [WARN] DbFile:41 - Overriding database path with different value: /Users/baraa/.stmcufinder/plugins/mcufinder/ => /Users/baraa/.stmcufinder/plugins/mcufinder
2026-06-01 09:27:18,188 [INFO] DbMcusAds:125 - Set database path to: /Users/baraa/.stmcufinder/plugins/mcufinder//mcu/
2026-06-01 09:27:18,188 [WARN] DbFile:41 - Overriding database path with different value: /Users/baraa/.stmcufinder/plugins/mcufinder/ => /Users/baraa/.stmcufinder/plugins/mcufinder
2026-06-01 09:27:18,188 [WARN] DbFile:41 - Overriding database path with different value: /Users/baraa/.stmcufinder/plugins/mcufinder/ => /Users/baraa/.stmcufinder/plugins/mcufinder
2026-06-01 09:27:18,188 [INFO] CrossReferenceDbSqlite:203 - Set database path to: /Users/baraa/.stmcufinder/plugins/mcufinder//mcu/cs/
2026-06-01 09:27:18,203 [INFO] ApplicationProperties:184 - Using Application install path: /Applications/STM32CubeIDE.app/Contents/Eclipse/plugins/com.st.stm32cube.common.mx_6.12.1.202409122256
2026-06-01 09:27:18,204 [INFO] PluginManage:196 - Search for loadable plugins [exclusion list=, ]
2026-06-01 09:27:18,206 [INFO] PluginManage:310 - Check plugin analytics
2026-06-01 09:27:18,365 [INFO] AnalyticsPlugin:253 - Accepted Software Licenses: 
2026-06-01 09:27:18,365 [INFO] AnalyticsPlugin:255 - Accepted CMSIS Pack Licenses: 
2026-06-01 09:27:18,366 [INFO] AnalyticsPlugin:257 - Accepted Firmware Licenses: FW.F4.1.28.0
2026-06-01 09:27:18,367 [INFO] PluginManage:359 - Loaded plugin analytics (category:tool,tabindex:-1)
2026-06-01 09:27:18,367 [INFO] PluginManage:310 - Check plugin cadmodel
2026-06-01 09:27:18,373 [INFO] CADModel:105 - Init CAD model plugin
2026-06-01 09:27:18,373 [INFO] PluginManage:359 - Loaded plugin cadmodel (category:power,tabindex:5)
2026-06-01 09:27:18,373 [INFO] PluginManage:310 - Check plugin clock
2026-06-01 09:27:18,382 [INFO] PluginManage:359 - Loaded plugin clock (category:base,tabindex:2)
2026-06-01 09:27:18,383 [INFO] PluginManage:310 - Check plugin ddr
2026-06-01 09:27:18,385 [INFO] PluginManage:359 - Loaded plugin ddr (category:tool,tabindex:6)
2026-06-01 09:27:18,385 [INFO] PluginManage:310 - Check plugin filemanager
2026-06-01 09:27:18,509 [INFO] PluginManage:359 - Loaded plugin filemanager (category:base,tabindex:10)
2026-06-01 09:27:18,509 [INFO] PluginManage:310 - Check plugin ipmanager
2026-06-01 09:27:18,516 [INFO] PluginManage:359 - Loaded plugin ipmanager (category:base,tabindex:5)
2026-06-01 09:27:18,516 [INFO] PluginManage:310 - Check plugin lpbam
2026-06-01 09:27:18,527 [INFO] PluginManage:359 - Loaded plugin lpbam (category:base,tabindex:0)
2026-06-01 09:27:18,527 [INFO] PluginManage:310 - Check plugin memorymap
2026-06-01 09:27:18,542 [INFO] PluginManage:359 - Loaded plugin memorymap (category:base,tabindex:4)
2026-06-01 09:27:18,546 [INFO] PluginManage:310 - Check plugin pinoutandconfiguration
2026-06-01 09:27:18,554 [INFO] PluginManage:359 - Loaded plugin pinoutandconfiguration (category:base,tabindex:1)
2026-06-01 09:27:18,555 [INFO] PluginManage:310 - Check plugin pinoutconfig
2026-06-01 09:27:18,673 [WARN] SupportedApi:132 - Cannot load RTOS API schema: s4s-elt-must-match.1: The content of 'definitions' must match (annotation?, (simpleType | complexType)?, (unique | key | keyref)*)). A problem was found starting at: attribute.
2026-06-01 09:27:18,788 [INFO] PluginManage:359 - Loaded plugin pinoutconfig (category:base,tabindex:0)
2026-06-01 09:27:18,788 [INFO] PluginManage:310 - Check plugin power
2026-06-01 09:27:18,797 [INFO] PluginManage:359 - Loaded plugin power (category:power,tabindex:4)
2026-06-01 09:27:18,797 [INFO] PluginManage:310 - Check plugin projectmanager
2026-06-01 09:27:18,808 [INFO] PluginManage:359 - Loaded plugin projectmanager (category:projectmanager,tabindex:4)
2026-06-01 09:27:18,809 [INFO] PluginManage:310 - Check plugin rif
2026-06-01 09:27:18,814 [INFO] PluginManage:359 - Loaded plugin rif (category:base,tabindex:3)
2026-06-01 09:27:18,814 [INFO] PluginManage:310 - Check plugin thirdparty
2026-06-01 09:27:18,912 [INFO] PluginManage:359 - Loaded plugin thirdparty (category:base,tabindex:-1)
2026-06-01 09:27:18,912 [INFO] PluginManage:310 - Check plugin tools
2026-06-01 09:27:18,912 [WARN] IntegrityCheckThread:84 - waiting for thirdparty lock release [integrity check]
2026-06-01 09:27:18,912 [INFO] IntegrityCheckThread:86 - entering critical section [integrity check]
2026-06-01 09:27:18,912 [INFO] ThirdPartyUpdaterWithRetryManager:70 - Updater plugin not ready yet. [1/15]
2026-06-01 09:27:18,914 [INFO] PluginManage:359 - Loaded plugin tools (category:base,tabindex:7)
2026-06-01 09:27:18,914 [INFO] PluginManage:310 - Check plugin tutovideos
2026-06-01 09:27:19,057 [INFO] PluginManage:359 - Loaded plugin tutovideos (category:base,tabindex:-1)
2026-06-01 09:27:19,057 [INFO] PluginManage:310 - Check plugin updater
2026-06-01 09:27:19,070 [INFO] PluginManage:359 - Loaded plugin updater (category:base,tabindex:12)
2026-06-01 09:27:19,070 [INFO] PluginManage:310 - Check plugin userauth
2026-06-01 09:27:19,075 [INFO] UserAuth:113 - Init User Auth plugin
2026-06-01 09:27:19,075 [INFO] PluginManage:359 - Loaded plugin userauth (category:base,tabindex:14)
2026-06-01 09:27:19,075 [INFO] PluginManage:283 - PluginManage : Loaded plugins [18]
2026-06-01 09:27:19,232 [INFO] PinOutPanel:1561 - setPackage(No Configuration,No Configuration)
2026-06-01 09:27:19,293 [INFO] CADModel:165 - CPN selected for project level
2026-06-01 09:27:19,293 [INFO] CADModel:114 - Register for checkConnection events
2026-06-01 09:27:19,304 [INFO] IPUIPlugin:80 - create IPUIPlugin
2026-06-01 09:27:19,304 [INFO] PluginManager:220 - loadIPPluginJar : add mdma
2026-06-01 09:27:19,311 [INFO] IPUIPlugin:80 - create IPUIPlugin
2026-06-01 09:27:19,311 [INFO] PluginManager:220 - loadIPPluginJar : add freertos
2026-06-01 09:27:19,315 [INFO] IPUIPlugin:80 - create IPUIPlugin
2026-06-01 09:27:19,315 [INFO] PluginManager:220 - loadIPPluginJar : add gic
2026-06-01 09:27:19,322 [INFO] IPUIPlugin:80 - create IPUIPlugin
2026-06-01 09:27:19,322 [INFO] PluginManager:220 - loadIPPluginJar : add adc
2026-06-01 09:27:19,324 [INFO] IPUIPlugin:80 - create IPUIPlugin
2026-06-01 09:27:19,324 [INFO] PluginManager:220 - loadIPPluginJar : add gtzc
2026-06-01 09:27:19,325 [INFO] IPUIPlugin:80 - create IPUIPlugin
2026-06-01 09:27:19,325 [INFO] PluginManager:220 - loadIPPluginJar : add quadspi
2026-06-01 09:27:19,327 [INFO] IPUIPlugin:80 - create IPUIPlugin
2026-06-01 09:27:19,327 [INFO] PluginManager:220 - loadIPPluginJar : add aes
2026-06-01 09:27:19,330 [INFO] IPUIPlugin:80 - create IPUIPlugin
2026-06-01 09:27:19,330 [INFO] PluginManager:220 - loadIPPluginJar : add pdm2pcm
2026-06-01 09:27:19,331 [INFO] IPUIPlugin:80 - create IPUIPlugin
2026-06-01 09:27:19,331 [INFO] PluginManager:220 - loadIPPluginJar : add hash
2026-06-01 09:27:19,332 [INFO] IPUIPlugin:80 - create IPUIPlugin
2026-06-01 09:27:19,332 [INFO] PluginManager:220 - loadIPPluginJar : add tim
2026-06-01 09:27:19,333 [INFO] IPUIPlugin:80 - create IPUIPlugin
2026-06-01 09:27:19,333 [INFO] PluginManager:220 - loadIPPluginJar : add tsc
2026-06-01 09:27:19,338 [INFO] IPUIPlugin:80 - create IPUIPlugin
2026-06-01 09:27:19,338 [INFO] PluginManager:220 - loadIPPluginJar : add extmemmanager
2026-06-01 09:27:19,341 [INFO] IPUIPlugin:80 - create IPUIPlugin
2026-06-01 09:27:19,341 [INFO] PluginManager:220 - loadIPPluginJar : add ts
2026-06-01 09:27:19,342 [INFO] IPUIPlugin:80 - create IPUIPlugin
2026-06-01 09:27:19,343 [INFO] PluginManager:220 - loadIPPluginJar : add radio
2026-06-01 09:27:19,345 [INFO] IPUIPlugin:80 - create IPUIPlugin
2026-06-01 09:27:19,345 [INFO] PluginManager:220 - loadIPPluginJar : add can
2026-06-01 09:27:19,347 [INFO] IPUIPlugin:80 - create IPUIPlugin
2026-06-01 09:27:19,347 [INFO] PluginManager:220 - loadIPPluginJar : add dma3
2026-06-01 09:27:19,348 [INFO] IPUIPlugin:80 - create IPUIPlugin
2026-06-01 09:27:19,349 [INFO] PluginManager:220 - loadIPPluginJar : add dfsdm
2026-06-01 09:27:19,350 [INFO] IPUIPlugin:80 - create IPUIPlugin
2026-06-01 09:27:19,350 [INFO] PluginManager:220 - loadIPPluginJar : add spi
2026-06-01 09:27:19,352 [INFO] IPUIPlugin:80 - create IPUIPlugin
2026-06-01 09:27:19,352 [INFO] PluginManager:220 - loadIPPluginJar : add gfxmmu
2026-06-01 09:27:19,353 [INFO] IPUIPlugin:80 - create IPUIPlugin
2026-06-01 09:27:19,354 [INFO] PluginManager:220 - loadIPPluginJar : add genericplugin
2026-06-01 09:27:19,356 [INFO] IPUIPlugin:80 - create IPUIPlugin
2026-06-01 09:27:19,356 [INFO] PluginManager:220 - loadIPPluginJar : add cryp
2026-06-01 09:27:19,361 [INFO] IPUIPlugin:80 - create IPUIPlugin
2026-06-01 09:27:19,361 [INFO] PluginManager:220 - loadIPPluginJar : add gpio
2026-06-01 09:27:19,364 [INFO] IPUIPlugin:80 - create IPUIPlugin
2026-06-01 09:27:19,364 [INFO] PluginManager:220 - loadIPPluginJar : add ddr_ctrl_phy
2026-06-01 09:27:19,365 [INFO] IPUIPlugin:80 - create IPUIPlugin
2026-06-01 09:27:19,366 [INFO] PluginManager:220 - loadIPPluginJar : add comp
2026-06-01 09:27:19,367 [INFO] IPUIPlugin:80 - create IPUIPlugin
2026-06-01 09:27:19,367 [INFO] PluginManager:220 - loadIPPluginJar : add tracer_emb
2026-06-01 09:27:19,369 [INFO] IPUIPlugin:80 - create IPUIPlugin
2026-06-01 09:27:19,370 [INFO] PluginManager:220 - loadIPPluginJar : add openamp
2026-06-01 09:27:19,374 [INFO] IPUIPlugin:80 - create IPUIPlugin
2026-06-01 09:27:19,374 [INFO] PluginManager:220 - loadIPPluginJar : add stm32_wpan
2026-06-01 09:27:19,382 [INFO] IPUIPlugin:80 - create IPUIPlugin
2026-06-01 09:27:19,385 [INFO] PluginManager:220 - loadIPPluginJar : add plateformsettings
2026-06-01 09:27:19,387 [INFO] IPUIPlugin:80 - create IPUIPlugin
2026-06-01 09:27:19,387 [INFO] PluginManager:220 - loadIPPluginJar : add ipddr
2026-06-01 09:27:19,389 [INFO] IPUIPlugin:80 - create IPUIPlugin
2026-06-01 09:27:19,389 [INFO] PluginManager:220 - loadIPPluginJar : add usart
2026-06-01 09:27:19,390 [INFO] IPUIPlugin:80 - create IPUIPlugin
2026-06-01 09:27:19,390 [INFO] PluginManager:220 - loadIPPluginJar : add ltdc
2026-06-01 09:27:19,392 [INFO] IPUIPlugin:80 - create IPUIPlugin
2026-06-01 09:27:19,392 [INFO] PluginManager:220 - loadIPPluginJar : add nvic
2026-06-01 09:27:19,394 [INFO] IPUIPlugin:80 - create IPUIPlugin
2026-06-01 09:27:19,394 [INFO] PluginManager:220 - loadIPPluginJar : add fatfs
2026-06-01 09:27:19,399 [INFO] IPUIPlugin:80 - create IPUIPlugin
2026-06-01 09:27:19,399 [INFO] PluginManager:220 - loadIPPluginJar : add linkedlist
2026-06-01 09:27:19,402 [INFO] IPUIPlugin:80 - create IPUIPlugin
2026-06-01 09:27:19,402 [INFO] PluginManager:220 - loadIPPluginJar : add dma
2026-06-01 09:27:19,405 [INFO] IPUIPlugin:80 - create IPUIPlugin
2026-06-01 09:27:19,405 [INFO] PluginManager:220 - loadIPPluginJar : add fmc
2026-06-01 09:27:19,406 [INFO] IPUIPlugin:80 - create IPUIPlugin
2026-06-01 09:27:19,406 [INFO] PluginManager:220 - loadIPPluginJar : add i2s
2026-06-01 09:27:19,407 [INFO] IPUIPlugin:80 - create IPUIPlugin
2026-06-01 09:27:19,407 [INFO] PluginManager:220 - loadIPPluginJar : add ucpd
2026-06-01 09:27:19,408 [INFO] IPUIPlugin:80 - create IPUIPlugin
2026-06-01 09:27:19,408 [INFO] PluginManager:220 - loadIPPluginJar : add lorawan
2026-06-01 09:27:19,410 [INFO] IPUIPlugin:80 - create IPUIPlugin
2026-06-01 09:27:19,410 [INFO] PluginManager:220 - loadIPPluginJar : add opamp
2026-06-01 09:27:19,411 [INFO] IPUIPlugin:80 - create IPUIPlugin
2026-06-01 09:27:19,411 [INFO] PluginManager:220 - loadIPPluginJar : add i3c
2026-06-01 09:27:19,413 [INFO] IPUIPlugin:80 - create IPUIPlugin
2026-06-01 09:27:19,413 [INFO] PluginManager:220 - loadIPPluginJar : add touchsensing
2026-06-01 09:27:19,415 [INFO] IPUIPlugin:80 - create IPUIPlugin
2026-06-01 09:27:19,415 [INFO] PluginManager:220 - loadIPPluginJar : add i2c
2026-06-01 09:27:19,417 [INFO] IPUIPlugin:80 - create IPUIPlugin
2026-06-01 09:27:19,417 [INFO] PluginManager:220 - loadIPPluginJar : add resmgrutility
2026-06-01 09:27:19,418 [INFO] IPUIPlugin:80 - create IPUIPlugin
2026-06-01 09:27:19,418 [INFO] PluginManager:220 - loadIPPluginJar : add sai
2026-06-01 09:27:19,420 [INFO] IPUIPlugin:80 - create IPUIPlugin
2026-06-01 09:27:19,420 [INFO] PluginManager:220 - loadIPPluginJar : add usbx
2026-06-01 09:27:19,512 [INFO] CADModel:165 - CPN selected for project level
2026-06-01 09:27:19,512 [INFO] CADModel:114 - Register for checkConnection events
2026-06-01 09:27:19,512 [FATAL] Updater:334 - Updater called before beeing initialized
2026-06-01 09:27:19,512 [ERROR] CADModel:125 - Updater not yet initialized, retry later 
2026-06-01 09:27:19,647 [INFO] CADModel:165 - CPN selected for project level
2026-06-01 09:27:19,647 [INFO] CADModel:114 - Register for checkConnection events
2026-06-01 09:27:19,647 [FATAL] Updater:334 - Updater called before beeing initialized
2026-06-01 09:27:19,647 [ERROR] CADModel:125 - Updater not yet initialized, retry later 
2026-06-01 09:27:19,650 [FATAL] Updater:334 - Updater called before beeing initialized
2026-06-01 09:27:19,714 [FATAL] Updater:334 - Updater called before beeing initialized
2026-06-01 09:27:19,719 [INFO] DbMcusAds:53 - JSON generation date=Fri Sep 20 09:04:38 EDT 2024 (1726837478367)
2026-06-01 09:27:19,719 [FATAL] Updater:334 - Updater called before beeing initialized
2026-06-01 09:27:19,786 [WARN] DetailPanel:346 - Failed to get advertising image, set to default
2026-06-01 09:27:19,878 [FATAL] Updater:334 - Updater called before beeing initialized
2026-06-01 09:27:19,879 [FATAL] Updater:334 - Updater called before beeing initialized
2026-06-01 09:27:19,879 [FATAL] Updater:334 - Updater called before beeing initialized
2026-06-01 09:27:19,879 [WARN] DetailPanel:346 - Failed to get advertising image, set to default
2026-06-01 09:27:19,880 [FATAL] Updater:334 - Updater called before beeing initialized
2026-06-01 09:27:19,901 [ERROR] Updater:1164 - MainUpdater not yet initialized. External WinMGr cannot be set.
2026-06-01 09:27:19,903 [INFO] Updater:1100 - Updater Version found : 6.12.1
2026-06-01 09:27:19,916 [INFO] ApplicationProperties:184 - Using Application install path: /Applications/STM32CubeIDE.app/Contents/Eclipse/plugins/com.st.stm32cube.common.mx_6.12.1.202409122256
2026-06-01 09:27:20,146 [INFO] MainUpdater:2873 - connection check result : 10
2026-06-01 09:27:20,146 [INFO] MainUpdater:3567 - Updater definition file requires update
2026-06-01 09:27:20,146 [INFO] MainUpdater:290 - Updater Check For Update Now.
2026-06-01 09:27:20,146 [INFO] MicroXplorer:498 - Change Database Version : DB.6.0.121
2026-06-01 09:27:20,152 [INFO] McuFinderGlobals:63 - Set McuFinder mode to 2 (CubeIDE integrated)
2026-06-01 09:27:20,153 [INFO] UserAuth:417 - Internet connection configuration mode: 1
2026-06-01 09:27:20,162 [INFO] ServerAccessManage:473 - Download File updaters.zip
2026-06-01 09:27:20,169 [INFO] JxBrowserEngine:152 - Initiate JxBrowser Engine with user profile folder
2026-06-01 09:27:20,230 [INFO] FileExtend:240 - Unzip File : updaters.zip
2026-06-01 09:27:20,230 [INFO] FileExtend:255 - Standard Zip Deflate
2026-06-01 09:27:20,517 [INFO] ServerAccessManage:473 - Download File PacksControlFlags.xml
2026-06-01 09:27:20,562 [INFO] ServerAccessManage:473 - Download File cubemx.pidx
2026-06-01 09:27:21,000 [INFO] ServerAccessManage:473 - Download File STMicroelectronics.X-CUBE-FREERTOS.pdsc
2026-06-01 09:27:21,153 [ERROR] LogOutputStream:75 - [STDERR_REDIRECT] [Fatal Error] :2:10: DOCTYPE is disallowed when the feature "http://apache.org/xml/features/disallow-doctype-decl" set to true.
2026-06-01 09:27:21,153 [ERROR] LogOutputStream:75 - [STDERR_REDIRECT] 
2026-06-01 09:27:21,383 [INFO] ServerAccessManage:473 - Download File STMicroelectronics.X-CUBE-SMBUS.pdsc
2026-06-01 09:27:21,703 [ERROR] ServerAccessManage:1089 - Problem, file not found on Server
2026-06-01 09:27:21,832 [INFO] ServerAccessManage:473 - Download File STMicroelectronics.X-CUBE-ALGOBUILD.pdsc
2026-06-01 09:27:21,913 [WARN] MainUpdater:1194 - Updater busy. Cannot search thirdparties
2026-06-01 09:27:21,934 [INFO] ThirdPartyUpdaterWithRetryManager:96 - Updater plugin is busy. [1/15]
2026-06-01 09:27:22,056 [INFO] WebApp:167 - Instantiating new browser for Auth
2026-06-01 09:27:23,472 [INFO] WebApp:448 - Apply proxy settings
2026-06-01 09:27:23,524 [INFO] WebApp:493 - Chromium authenticates against Manually configured proxy
2026-06-01 09:27:23,567 [INFO] WebApp:501 - Username used for proxy authentication: 
2026-06-01 09:27:23,614 [INFO] WebApp:869 - Register for checkConnection events
2026-06-01 09:27:23,632 [INFO] WebApp:448 - Apply proxy settings
2026-06-01 09:27:23,658 [INFO] WebApp:493 - Chromium authenticates against Manually configured proxy
2026-06-01 09:27:23,678 [INFO] WebApp:501 - Username used for proxy authentication: 
2026-06-01 09:27:23,683 [WARN] PopulateThirdPartyThread:106 - Error when creating pack: /Users/baraa/.stm32cubemx/thirdparties/pdsc/STMicroelectronics.X-CUBE-FREERTOS.pdsc
2026-06-01 09:27:23,726 [WARN] PopulateThirdPartyThread:106 - Error when creating pack: /Users/baraa/.stm32cubemx/thirdparties/pdsc/STMicroelectronics.X-CUBE-SMBUS.pdsc
2026-06-01 09:27:23,791 [WARN] PackLoader:240 - Cannot read IP mode file for STMicroelectronics.X-CUBE-ALGOBUILD.1.5.0
2026-06-01 09:27:23,811 [INFO] PopulateThirdPartyThread:66 - Ending populate Thread
2026-06-01 09:27:23,832 [INFO] ThirdParty:1030 - CMSIS Pack Vendor :STMicroelectronics X-CUBE-ALGOBUILD 1.5.0
2026-06-01 09:27:23,869 [INFO] LoadServerUpdatesThread:375 - End of LoadServerUpdate Thread
2026-06-01 09:27:23,910 [INFO] WebApp:220 - Starting web application
2026-06-01 09:27:23,912 [INFO] WebApp:578 - Web application path used /Applications/STM32CubeIDE.app/Contents/Eclipse/plugins/com.st.stm32cube.common.mx_6.12.1.202409122256/db/plugins/mcufinder/reactClient1/index.html
2026-06-01 09:27:23,956 [INFO] CheckServerUpdateThread:120 - End of CheckServer Thread
2026-06-01 09:27:24,106 [INFO] UserAuth:417 - Internet connection configuration mode: 1
2026-06-01 09:27:24,730 [INFO] WebApp:186 - Connection restablished
2026-06-01 09:27:27,993 [WARN] PackLoader:240 - Cannot read IP mode file for STMicroelectronics.X-CUBE-AZRTOS-H7.3.5.0
2026-06-01 09:27:28,001 [WARN] PackLoader:240 - Cannot read IP mode file for STMicroelectronics.FP-SNS-MOTENVWB1.1.4.0
2026-06-01 09:27:28,005 [WARN] PackLoader:240 - Cannot read IP mode file for STMicroelectronics.FP-ATR-ASTRA1.2.0.2
2026-06-01 09:27:28,007 [WARN] PackLoader:240 - Cannot read IP mode file for STMicroelectronics.FP-ATR-ASTRA1.2.0.1
2026-06-01 09:27:28,009 [ERROR] Engine:466 - /Users/baraa/.stm32cubemx/thirdparties/pdsc/STMicroelectronics.X-CUBE-SMBUS.2.1.1.pdsc: PDSC version is not supported
2026-06-01 09:27:28,011 [WARN] PackLoader:240 - Cannot read IP mode file for STMicroelectronics.X-CUBE-SMBUS.2.1.0
2026-06-01 09:27:28,017 [WARN] PackLoader:240 - Cannot read IP mode file for STMicroelectronics.X-CUBE-WB05N.1.1.0
2026-06-01 09:27:28,038 [WARN] PackLoader:240 - Cannot read IP mode file for STMicroelectronics.X-CUBE-AZRTOS-F7.1.1.0
2026-06-01 09:27:28,087 [WARN] PackLoader:240 - Cannot read IP mode file for STMicroelectronics.X-CUBE-MEMS1.11.0.0
2026-06-01 09:27:28,233 [ERROR] Engine:466 - /Users/baraa/.stm32cubemx/thirdparties/pdsc/STMicroelectronics.FP-SNS-MOTENV1.5.1.0.pdsc: PDSC version is not supported
2026-06-01 09:27:28,235 [WARN] PackLoader:240 - Cannot read IP mode file for STMicroelectronics.FP-SNS-FLIGHT1.5.0.2
2026-06-01 09:27:28,240 [WARN] PackLoader:240 - Cannot read IP mode file for STMicroelectronics.X-CUBE-DISPLAY.3.0.0
2026-06-01 09:27:28,249 [WARN] PackLoader:240 - Cannot read IP mode file for STMicroelectronics.X-CUBE-GNSS1.7.1.1
2026-06-01 09:27:28,251 [ERROR] Engine:466 - /Users/baraa/.stm32cubemx/thirdparties/pdsc/STMicroelectronics.FP-SNS-MOTENVWB1.1.5.0.pdsc: PDSC version is not supported
2026-06-01 09:27:28,253 [WARN] PackLoader:240 - Cannot read IP mode file for STMicroelectronics.X-CUBE-BLE1.7.0.0
2026-06-01 09:27:28,259 [WARN] PackLoader:240 - Cannot read IP mode file for STMicroelectronics.X-CUBE-NFC10.1.0.0
2026-06-01 09:27:28,263 [ERROR] Engine:466 - /Users/baraa/.stm32cubemx/thirdparties/pdsc/STMicroelectronics.X-CUBE-ST60.1.1.0.pdsc: PDSC version is not supported
2026-06-01 09:27:28,265 [WARN] PackLoader:240 - Cannot read IP mode file for emotas.I-CUBE-CANOPEN.1.3.0
2026-06-01 09:27:28,272 [WARN] PackLoader:240 - Cannot read IP mode file for STMicroelectronics.X-CUBE-BLEMGR.3.1.0
2026-06-01 09:27:28,276 [ERROR] Engine:466 - /Users/baraa/.stm32cubemx/thirdparties/pdsc/STMicroelectronics.FP-SNS-STBOX1.2.1.0.pdsc: PDSC version is not supported
2026-06-01 09:27:28,278 [WARN] PackLoader:240 - Cannot read IP mode file for STMicroelectronics.FP-SNS-SMARTAG2.1.2.0
2026-06-01 09:27:28,280 [ERROR] Engine:466 - /Users/baraa/.stm32cubemx/thirdparties/pdsc/STMicroelectronics.FP-SNS-FLIGHT1.5.1.0.pdsc: PDSC version is not supported
2026-06-01 09:27:28,285 [INFO] LogOutputStream:77 - [STDOUT_REDIRECT] 1 : Invalid condition id : UX_CORESTACK_Condition cause : null
2026-06-01 09:27:28,286 [INFO] LogOutputStream:77 - [STDOUT_REDIRECT] 1 : Invalid condition id : UX_CORESTACK_Condition cause : null
2026-06-01 09:27:28,286 [INFO] LogOutputStream:77 - [STDOUT_REDIRECT] 1 : Invalid condition id : UX_CORESTACK_Condition cause : null
2026-06-01 09:27:28,286 [INFO] LogOutputStream:77 - [STDOUT_REDIRECT] 1 : Invalid condition id : UX_CORESTACK_Condition cause : null
2026-06-01 09:27:28,286 [INFO] LogOutputStream:77 - [STDOUT_REDIRECT] 1 : Invalid condition id : UX_CORESTACK_Condition cause : null
2026-06-01 09:27:28,288 [WARN] PackLoader:240 - Cannot read IP mode file for STMicroelectronics.X-CUBE-AZRTOS-WL.2.0.0
2026-06-01 09:27:28,292 [WARN] PackLoader:240 - Cannot read IP mode file for STMicroelectronics.FP-SNS-MOTENV1.5.0.0
2026-06-01 09:27:28,306 [WARN] PackLoader:240 - Cannot read IP mode file for STMicroelectronics.X-CUBE-AZRTOS-H7RS.1.2.0
2026-06-01 09:27:28,310 [WARN] PackLoader:240 - Cannot read IP mode file for wolfSSL.I-CUBE-wolfMQTT.1.19.0
2026-06-01 09:27:28,313 [WARN] PackLoader:240 - Cannot read IP mode file for WES.I-CUBE-Cesium.1.3.0
2026-06-01 09:27:28,316 [WARN] PackLoader:240 - Cannot read IP mode file for STMicroelectronics.X-CUBE-BLE2.3.3.0
2026-06-01 09:27:28,318 [ERROR] Engine:466 - /Users/baraa/.stm32cubemx/thirdparties/pdsc/Avnet-IOTCONNECT.X-CUBE-iotc-st67-sdk.1.0.0.pdsc: PDSC version is not supported
2026-06-01 09:27:28,321 [WARN] PackLoader:240 - Cannot read IP mode file for STMicroelectronics.X-CUBE-NFC9.1.0.0
2026-06-01 09:27:28,327 [WARN] PackLoader:240 - Cannot read IP mode file for STMicroelectronics.X-CUBE-BLE1.7.1.0
2026-06-01 09:27:28,331 [WARN] PackLoader:240 - Cannot read IP mode file for STMicroelectronics.X-CUBE-TCPP.4.1.0
2026-06-01 09:27:28,335 [WARN] PackLoader:240 - Cannot read IP mode file for STMicroelectronics.X-CUBE-EEPRMA1.5.2.0
2026-06-01 09:27:28,339 [ERROR] Engine:466 - /Users/baraa/.stm32cubemx/thirdparties/pdsc/STMicroelectronics.FP-SNS-STAIOTCFT.1.1.0.pdsc: PDSC version is not supported
2026-06-01 09:27:28,350 [WARN] PackLoader:240 - Cannot read IP mode file for STMicroelectronics.X-CUBE-AZRTOS-G0.1.1.0
2026-06-01 09:27:28,356 [WARN] PackLoader:240 - Cannot read IP mode file for STMicroelectronics.X-CUBE-SAFEA1.1.2.2
2026-06-01 09:27:28,360 [WARN] PackLoader:240 - Cannot read IP mode file for STMicroelectronics.X-CUBE-NFC4.3.0.0
2026-06-01 09:27:28,367 [WARN] PackLoader:240 - Cannot read IP mode file for EmbeddedOffice.I-CUBE-FS-RTOS.1.0.1
2026-06-01 09:27:28,367 [ERROR] ConditionMgr:805 - Attr not supported : Dmpu
2026-06-01 09:27:28,367 [ERROR] ConditionMgr:805 - Attr not supported : Dmpu
2026-06-01 09:27:28,367 [ERROR] ConditionMgr:805 - Attr not supported : Dmpu
2026-06-01 09:27:28,367 [ERROR] ConditionMgr:805 - Attr not supported : Dmpu
2026-06-01 09:27:28,367 [ERROR] ConditionMgr:805 - Attr not supported : Dmpu
2026-06-01 09:27:28,367 [ERROR] ConditionMgr:805 - Attr not supported : Dmpu
2026-06-01 09:27:28,367 [ERROR] ConditionMgr:805 - Attr not supported : Dmpu
2026-06-01 09:27:28,367 [ERROR] ConditionMgr:805 - Attr not supported : Dmpu
2026-06-01 09:27:28,368 [ERROR] ConditionMgr:805 - Attr not supported : Dmpu
2026-06-01 09:27:28,368 [ERROR] ConditionMgr:805 - Attr not supported : Dmpu
2026-06-01 09:27:28,368 [ERROR] ConditionMgr:805 - Attr not supported : Dmpu
2026-06-01 09:27:28,368 [ERROR] ConditionMgr:805 - Attr not supported : Dmpu
2026-06-01 09:27:28,368 [ERROR] ConditionMgr:805 - Attr not supported : Dmpu
2026-06-01 09:27:28,368 [ERROR] ConditionMgr:805 - Attr not supported : Dmpu
2026-06-01 09:27:28,368 [ERROR] ConditionMgr:805 - Attr not supported : Dmpu
2026-06-01 09:27:28,368 [ERROR] ConditionMgr:805 - Attr not supported : Dmpu
2026-06-01 09:27:28,368 [ERROR] ConditionMgr:805 - Attr not supported : Dmpu
2026-06-01 09:27:28,368 [ERROR] ConditionMgr:805 - Attr not supported : Dmpu
2026-06-01 09:27:28,368 [ERROR] ConditionMgr:805 - Attr not supported : Dmpu
2026-06-01 09:27:28,368 [ERROR] ConditionMgr:805 - Attr not supported : Dmpu
2026-06-01 09:27:28,368 [ERROR] ConditionMgr:805 - Attr not supported : Dmpu
2026-06-01 09:27:28,368 [ERROR] ConditionMgr:805 - Attr not supported : Dmpu
2026-06-01 09:27:28,368 [ERROR] ConditionMgr:805 - Attr not supported : Dmpu
2026-06-01 09:27:28,368 [ERROR] ConditionMgr:805 - Attr not supported : Dmpu
2026-06-01 09:27:28,368 [ERROR] ConditionMgr:805 - Attr not supported : Dmpu
2026-06-01 09:27:28,369 [ERROR] ConditionMgr:805 - Attr not supported : Dmpu
2026-06-01 09:27:28,369 [ERROR] ConditionMgr:805 - Attr not supported : Dmpu
2026-06-01 09:27:28,369 [ERROR] ConditionMgr:805 - Attr not supported : Dmpu
2026-06-01 09:27:28,369 [ERROR] ConditionMgr:805 - Attr not supported : Dmpu
2026-06-01 09:27:28,369 [ERROR] ConditionMgr:805 - Attr not supported : Dmpu
2026-06-01 09:27:28,369 [ERROR] ConditionMgr:805 - Attr not supported : Dmpu
2026-06-01 09:27:28,369 [ERROR] ConditionMgr:805 - Attr not supported : Dmpu
2026-06-01 09:27:28,369 [ERROR] ConditionMgr:805 - Attr not supported : Dmpu
2026-06-01 09:27:28,369 [ERROR] ConditionMgr:805 - Attr not supported : Dmpu
2026-06-01 09:27:28,369 [ERROR] ConditionMgr:805 - Attr not supported : Dmpu
2026-06-01 09:27:28,369 [ERROR] ConditionMgr:805 - Attr not supported : Dmpu
2026-06-01 09:27:28,369 [ERROR] ConditionMgr:805 - Attr not supported : Dmpu
2026-06-01 09:27:28,369 [ERROR] ConditionMgr:805 - Attr not supported : Dmpu
2026-06-01 09:27:28,369 [ERROR] ConditionMgr:805 - Attr not supported : Dmpu
2026-06-01 09:27:28,369 [ERROR] ConditionMgr:805 - Attr not supported : Dmpu
2026-06-01 09:27:28,369 [ERROR] ConditionMgr:805 - Attr not supported : Dmpu
2026-06-01 09:27:28,370 [ERROR] ConditionMgr:805 - Attr not supported : Dmpu
2026-06-01 09:27:28,370 [ERROR] ConditionMgr:805 - Attr not supported : Dmpu
2026-06-01 09:27:28,370 [ERROR] ConditionMgr:805 - Attr not supported : Dmpu
2026-06-01 09:27:28,370 [ERROR] ConditionMgr:805 - Attr not supported : Dmpu
2026-06-01 09:27:28,370 [ERROR] ConditionMgr:805 - Attr not supported : Dmpu
2026-06-01 09:27:28,370 [ERROR] ConditionMgr:805 - Attr not supported : Dmpu
2026-06-01 09:27:28,370 [ERROR] ConditionMgr:805 - Attr not supported : Dmpu
2026-06-01 09:27:28,370 [ERROR] ConditionMgr:805 - Attr not supported : Dmpu
2026-06-01 09:27:28,370 [ERROR] ConditionMgr:805 - Attr not supported : Dmpu
2026-06-01 09:27:28,370 [ERROR] ConditionMgr:805 - Attr not supported : Dmpu
2026-06-01 09:27:28,370 [ERROR] ConditionMgr:805 - Attr not supported : Dmpu
2026-06-01 09:27:28,370 [ERROR] ConditionMgr:805 - Attr not supported : Dmpu
2026-06-01 09:27:28,370 [ERROR] ConditionMgr:805 - Attr not supported : Dmpu
2026-06-01 09:27:28,370 [ERROR] ConditionMgr:805 - Attr not supported : Dmpu
2026-06-01 09:27:28,370 [ERROR] ConditionMgr:805 - Attr not supported : Dmpu
2026-06-01 09:27:28,371 [ERROR] ConditionMgr:805 - Attr not supported : Dmpu
2026-06-01 09:27:28,371 [ERROR] ConditionMgr:805 - Attr not supported : Dmpu
2026-06-01 09:27:28,371 [ERROR] ConditionMgr:805 - Attr not supported : Dmpu
2026-06-01 09:27:28,371 [ERROR] ConditionMgr:805 - Attr not supported : Dmpu
2026-06-01 09:27:28,371 [ERROR] ConditionMgr:805 - Attr not supported : Dmpu
2026-06-01 09:27:28,371 [ERROR] ConditionMgr:805 - Attr not supported : Dmpu
2026-06-01 09:27:28,371 [ERROR] ConditionMgr:805 - Attr not supported : Dmpu
2026-06-01 09:27:28,371 [ERROR] ConditionMgr:805 - Attr not supported : Dmpu
2026-06-01 09:27:28,374 [ERROR] Engine:466 - /Users/baraa/.stm32cubemx/thirdparties/pdsc/STMicroelectronics.X-CUBE-TCPP.4.2.0.pdsc: PDSC version is not supported
2026-06-01 09:27:28,376 [WARN] PackLoader:240 - Cannot read IP mode file for RealThread.X-CUBE-RT-Thread_Nano.4.1.1
2026-06-01 09:27:28,378 [WARN] PackLoader:240 - Cannot read IP mode file for STMicroelectronics.FP-ATR-SIGFOX1.3.2.0
2026-06-01 09:27:28,380 [WARN] ConditionMgr:438 - getConditionDescription Invalid condition id : Cortex-A Device cause : null
2026-06-01 09:27:28,386 [WARN] ConditionMgr:1039 - genDependencies : Invalid condition id : Cortex-A Device cause : null
2026-06-01 09:27:28,386 [WARN] ConditionMgr:1039 - genDependencies : Invalid condition id : Cortex-A Device cause : null
2026-06-01 09:27:28,386 [WARN] ConditionMgr:1039 - genDependencies : Invalid condition id : Cortex-A Device cause : null
2026-06-01 09:27:28,390 [WARN] PackLoader:240 - Cannot read IP mode file for STMicroelectronics.X-CUBE-EEPRMA1.5.1.0
2026-06-01 09:27:28,393 [ERROR] Engine:466 - /Users/baraa/.stm32cubemx/thirdparties/pdsc/STMicroelectronics.X-CUBE-FREERTOS.1.5.0.pdsc: PDSC version is not supported
2026-06-01 09:27:28,396 [WARN] PackLoader:240 - Cannot read IP mode file for wolfSSL.I-CUBE-wolfSSL.5.7.4
2026-06-01 09:27:28,400 [WARN] PackLoader:240 - Cannot read IP mode file for ITTIA_DB.I-CUBE-ITTIADB.8.9.0
2026-06-01 09:27:28,406 [WARN] PackLoader:240 - Cannot read IP mode file for STMicroelectronics.X-CUBE-NFC6.3.2.0
2026-06-01 09:27:28,410 [WARN] PackLoader:240 - Cannot read IP mode file for STMicroelectronics.X-CUBE-AI.10.2.0
2026-06-01 09:27:28,446 [WARN] PackLoader:240 - Cannot read IP mode file for STMicroelectronics.X-CUBE-MEMS1.12.1.0
2026-06-01 09:27:28,544 [WARN] PackLoader:240 - Cannot read IP mode file for SEGGER.I-CUBE-embOS.1.3.1
2026-06-01 09:27:28,591 [WARN] PackLoader:240 - Cannot read IP mode file for STMicroelectronics.X-CUBE-ALGOBUILD.1.4.0
2026-06-01 09:27:28,594 [WARN] PackLoader:240 - Cannot read IP mode file for STMicroelectronics.X-CUBE-AI.9.1.0
2026-06-01 09:27:28,597 [WARN] PackLoader:240 - Cannot read IP mode file for STMicroelectronics.X-CUBE-PM33A1.1.0.0
2026-06-01 09:27:28,608 [WARN] PackLoader:240 - Cannot read IP mode file for STMicroelectronics.X-CUBE-AZRTOS-F4.1.1.0
2026-06-01 09:27:28,613 [WARN] PackLoader:240 - Cannot read IP mode file for STMicroelectronics.X-CUBE-ISPU.2.1.0
2026-06-01 09:27:28,617 [ERROR] Engine:466 - /Users/baraa/.stm32cubemx/thirdparties/pdsc/STMicroelectronics.X-CUBE-IPS.3.2.0.pdsc: PDSC version is not supported
2026-06-01 09:27:28,618 [ERROR] Engine:466 - /Users/baraa/.stm32cubemx/thirdparties/pdsc/STMicroelectronics.eDS-WB_DPC_TT-BIDIR.2.1.1.pdsc: PDSC version is not supported
2026-06-01 09:27:28,620 [WARN] PackLoader:240 - Cannot read IP mode file for STMicroelectronics.X-CUBE-FREERTOS.1.2.0
2026-06-01 09:27:28,624 [WARN] PackLoader:240 - Cannot read IP mode file for STMicroelectronics.X-CUBE-NFC12.1.0.0
2026-06-01 09:27:28,637 [WARN] PackLoader:240 - Cannot read IP mode file for STMicroelectronics.X-CUBE-AZRTOS-L5.2.0.0
2026-06-01 09:27:28,643 [WARN] PackLoader:240 - Cannot read IP mode file for STMicroelectronics.X-CUBE-NFC6.3.1.0
2026-06-01 09:27:28,648 [WARN] PackLoader:240 - Cannot read IP mode file for STMicroelectronics.X-CUBE-ALGOBUILD.1.5.0
2026-06-01 09:27:28,652 [WARN] PackLoader:240 - Cannot read IP mode file for STMicroelectronics.X-CUBE-DPower.1.2.0
2026-06-01 09:27:28,653 [ERROR] Engine:466 - /Users/baraa/.stm32cubemx/thirdparties/pdsc/STMicroelectronics.eDS-WB_DPC_VIENNA.1.2.0.pdsc: PDSC version is not supported
2026-06-01 09:27:28,654 [ERROR] Engine:466 - /Users/baraa/.stm32cubemx/thirdparties/pdsc/STMicroelectronics.eDS-WB_DPC_3PH2L-BIDIR.1.1.1.pdsc: PDSC version is not supported
2026-06-01 09:27:28,657 [ERROR] Engine:466 - /Users/baraa/.stm32cubemx/thirdparties/pdsc/STMicroelectronics.X-CUBE-ST67W61.1.3.0.pdsc: PDSC version is not supported
2026-06-01 09:27:28,659 [WARN] PackLoader:240 - Cannot read IP mode file for STMicroelectronics.X-CUBE-NFC7.1.0.1
2026-06-01 09:27:28,662 [WARN] PackLoader:240 - Cannot read IP mode file for STMicroelectronics.X-CUBE-TOUCHGFX.4.26.1
2026-06-01 09:27:28,665 [WARN] PackLoader:240 - Cannot read IP mode file for STMicroelectronics.X-CUBE-DPower.1.3.0
2026-06-01 09:27:28,676 [WARN] ConditionMgr:438 - getConditionDescription Invalid condition id : LAN8742 Phy interface Condition cause : null
2026-06-01 09:27:28,676 [WARN] PackLoader:240 - Cannot read IP mode file for STMicroelectronics.X-CUBE-AZRTOS-L4.2.0.0
2026-06-01 09:27:28,677 [WARN] ConditionMgr:1039 - genDependencies : Invalid condition id : LAN8742 Phy interface Condition cause : null
2026-06-01 09:27:28,677 [WARN] ConditionMgr:1039 - genDependencies : Invalid condition id : LAN8742 Phy interface Condition cause : null
2026-06-01 09:27:28,677 [WARN] ConditionMgr:1039 - genDependencies : Invalid condition id : LAN8742 Phy interface Condition cause : null
2026-06-01 09:27:28,682 [WARN] PackLoader:240 - Cannot read IP mode file for STMicroelectronics.X-CUBE-SFXS2LP1.4.0.0
2026-06-01 09:27:28,686 [WARN] PackLoader:240 - Cannot read IP mode file for STMicroelectronics.X-CUBE-WB05N.2.1.0
2026-06-01 09:27:28,700 [WARN] PackLoader:240 - Cannot read IP mode file for STMicroelectronics.X-CUBE-AZRTOS-H7.3.3.0
2026-06-01 09:27:28,706 [ERROR] Engine:466 - /Users/baraa/.stm32cubemx/thirdparties/pdsc/STMicroelectronics.X-CUBE-BLEMGR.4.1.0.pdsc: PDSC version is not supported
2026-06-01 09:27:28,712 [WARN] PackLoader:240 - Cannot read IP mode file for STMicroelectronics.X-CUBE-IPS.3.0.0
2026-06-01 09:27:28,724 [WARN] ConditionMgr:438 - getConditionDescription Invalid condition id : UX DEVICE CLASS RTOS Condition cause : null
2026-06-01 09:27:28,724 [WARN] ConditionMgr:438 - getConditionDescription Invalid condition id : UX DEVICE CLASS RTOS Condition cause : null
2026-06-01 09:27:28,726 [WARN] PackLoader:240 - Cannot read IP mode file for STMicroelectronics.X-CUBE-AZRTOS-WB.2.0.0
2026-06-01 09:27:28,726 [WARN] ConditionMgr:1039 - genDependencies : Invalid condition id : UX DEVICE CLASS RTOS Condition cause : null
2026-06-01 09:27:28,726 [WARN] ConditionMgr:1039 - genDependencies : Invalid condition id : UX DEVICE CLASS RTOS Condition cause : null
2026-06-01 09:27:28,726 [WARN] ConditionMgr:1039 - genDependencies : Invalid condition id : UX DEVICE CLASS RTOS Condition cause : null
2026-06-01 09:27:28,727 [WARN] ConditionMgr:1039 - genDependencies : Invalid condition id : UX DEVICE CLASS RTOS Condition cause : null
2026-06-01 09:27:28,727 [WARN] ConditionMgr:1039 - genDependencies : Invalid condition id : UX DEVICE CLASS RTOS Condition cause : null
2026-06-01 09:27:28,730 [WARN] PackLoader:240 - Cannot read IP mode file for STMicroelectronics.X-CUBE-GNSS1.7.0.0
2026-06-01 09:27:28,735 [WARN] PackLoader:240 - Cannot read IP mode file for STMicroelectronics.FP-SNS-STBOX1.2.0.0
2026-06-01 09:27:28,741 [WARN] PackLoader:240 - Cannot read IP mode file for STMicroelectronics.X-CUBE-STSE01.2.0.0
2026-06-01 09:27:28,749 [WARN] PackLoader:240 - Cannot read IP mode file for STMicroelectronics.X-CUBE-SUBG2.5.0.0
2026-06-01 09:27:28,755 [WARN] PackLoader:240 - Cannot read IP mode file for Cesanta.I-CUBE-Mongoose.7.13.0
2026-06-01 09:27:28,765 [WARN] PackLoader:240 - Cannot read IP mode file for STMicroelectronics.X-CUBE-AZRTOS-G4.2.0.0
2026-06-01 09:27:28,769 [WARN] PackLoader:240 - Cannot read IP mode file for STMicroelectronics.X-CUBE-NFC7.2.0.0
2026-06-01 09:27:28,771 [WARN] PackLoader:240 - Cannot read IP mode file for STMicroelectronics.X-CUBE-ALS.1.0.2
2026-06-01 09:27:28,773 [WARN] PackLoader:240 - Cannot read IP mode file for STMicroelectronics.X-CUBE-TOUCHGFX.4.24.1
2026-06-01 09:27:28,775 [WARN] PackLoader:240 - Cannot read IP mode file for wolfSSL.I-CUBE-wolfTPM.3.4.0
2026-06-01 09:27:28,778 [WARN] PackLoader:240 - Cannot read IP mode file for portGmbH.I-Cube-SoM-uGOAL.1.1.0
2026-06-01 09:27:28,790 [WARN] PackLoader:240 - Cannot read IP mode file for STMicroelectronics.X-CUBE-AZRTOS-H7RS.1.0.0
2026-06-01 09:27:28,800 [WARN] PackLoader:240 - Cannot read IP mode file for STMicroelectronics.X-CUBE-TOF1.3.4.2
2026-06-01 09:27:28,814 [ERROR] Engine:466 - /Users/baraa/.stm32cubemx/thirdparties/pdsc/STMicroelectronics.X-CUBE-TOF1.3.4.3.pdsc: PDSC version is not supported
2026-06-01 09:27:28,827 [WARN] PackLoader:240 - Cannot read IP mode file for Infineon.AIROC-Wi-Fi-Bluetooth-STM32.1.6.1
2026-06-01 09:27:28,831 [WARN] PackLoader:240 - Cannot read IP mode file for wolfSSL.I-CUBE-wolfSSH.1.4.17
2026-06-01 09:27:28,832 [INFO] ThirdParty:978 - Integrity check success = true
2026-06-01 09:27:28,832 [INFO] IntegrityCheckThread:100 - exiting critical section [integrity check]
2026-06-01 09:27:28,832 [INFO] IntegrityCheckThread:103 - End integrity checks thread
2026-06-01 09:29:21,572 [ERROR] LogOutputStream:75 - [STDERR_REDIRECT] 
